<?xml version="1.0" encoding="UTF-8"?>
<testng-results ignored="0" total="1" passed="0" failed="1" skipped="0">
  <reporter-output>
  </reporter-output>
  <suite started-at="2022-12-01T18:59:23 IST" name="Default suite" finished-at="2022-12-01T19:00:18 IST" duration-ms="55319">
    <groups>
    </groups>
    <test started-at="2022-12-01T18:59:23 IST" name="Default test" finished-at="2022-12-01T19:00:18 IST" duration-ms="55319">
      <class name="com.flipkart.testCases.TC_OpenFlipkart_001">
        <test-method is-config="true" signature="setup()[pri:0, instance:com.flipkart.testCases.TC_OpenFlipkart_001@3f6f6701]" started-at="2022-12-01T18:59:23 IST" name="setup" finished-at="2022-12-01T18:59:25 IST" duration-ms="2569" status="PASS">
          <reporter-output>
          </reporter-output>
        </test-method> <!-- setup -->
        <test-method signature="Open()[pri:0, instance:com.flipkart.testCases.TC_OpenFlipkart_001@3f6f6701]" started-at="2022-12-01T18:59:25 IST" name="Open" finished-at="2022-12-01T19:00:18 IST" duration-ms="52699" status="FAIL">
          <exception class="org.openqa.selenium.InvalidSelectorException">
            <message>
              <![CDATA[invalid selector: Unable to locate an element with the xpath expression |//input[@class="_4rR01T"='  '] because of the following error:
SyntaxError: Failed to execute 'evaluate' on 'Document': The string '|//input[@class="_4rR01T"='  ']' is not a valid XPath expression.
  (Session info: chrome=107.0.5304.122)
For documentation on this error, please visit: https://selenium.dev/exceptions/#invalid_selector_exception
Build info: version: '4.4.0', revision: 'e5c75ed026a'
System info: host: 'INTD-278-GAURAV', ip: '10.0.4.126', os.name: 'Windows 10', os.arch: 'amd64', os.version: '10.0', java.version: '11.0.16'
Driver info: org.openqa.selenium.chrome.ChromeDriver
Command: [5d68c549971f4483a75d4799abd2002e, findElement {using=xpath, value=|//input[@class="_4rR01T"='  ']}]
Capabilities {acceptInsecureCerts: false, browserName: chrome, browserVersion: 107.0.5304.122, chrome: {chromedriverVersion: 107.0.5304.62 (1eec40d3a576..., userDataDir: C:\Users\GAURAV~1\AppData\L...}, goog:chromeOptions: {debuggerAddress: localhost:64980}, networkConnectionEnabled: false, pageLoadStrategy: normal, platformName: WINDOWS, proxy: Proxy(), se:cdp: ws://localhost:64980/devtoo..., se:cdpVersion: 107.0.5304.122, setWindowRect: true, strictFileInteractability: false, timeouts: {implicit: 0, pageLoad: 300000, script: 30000}, unhandledPromptBehavior: dismiss and notify, webauthn:extension:credBlob: true, webauthn:extension:largeBlob: true, webauthn:virtualAuthenticators: true}
Session ID: 5d68c549971f4483a75d4799abd2002e]]>
            </message>
            <full-stacktrace>
              <![CDATA[org.openqa.selenium.InvalidSelectorException: invalid selector: Unable to locate an element with the xpath expression |//input[@class="_4rR01T"='  '] because of the following error:
SyntaxError: Failed to execute 'evaluate' on 'Document': The string '|//input[@class="_4rR01T"='  ']' is not a valid XPath expression.
  (Session info: chrome=107.0.5304.122)
For documentation on this error, please visit: https://selenium.dev/exceptions/#invalid_selector_exception
Build info: version: '4.4.0', revision: 'e5c75ed026a'
System info: host: 'INTD-278-GAURAV', ip: '10.0.4.126', os.name: 'Windows 10', os.arch: 'amd64', os.version: '10.0', java.version: '11.0.16'
Driver info: org.openqa.selenium.chrome.ChromeDriver
Command: [5d68c549971f4483a75d4799abd2002e, findElement {using=xpath, value=|//input[@class="_4rR01T"='  ']}]
Capabilities {acceptInsecureCerts: false, browserName: chrome, browserVersion: 107.0.5304.122, chrome: {chromedriverVersion: 107.0.5304.62 (1eec40d3a576..., userDataDir: C:\Users\GAURAV~1\AppData\L...}, goog:chromeOptions: {debuggerAddress: localhost:64980}, networkConnectionEnabled: false, pageLoadStrategy: normal, platformName: WINDOWS, proxy: Proxy(), se:cdp: ws://localhost:64980/devtoo..., se:cdpVersion: 107.0.5304.122, setWindowRect: true, strictFileInteractability: false, timeouts: {implicit: 0, pageLoad: 300000, script: 30000}, unhandledPromptBehavior: dismiss and notify, webauthn:extension:credBlob: true, webauthn:extension:largeBlob: true, webauthn:virtualAuthenticators: true}
Session ID: 5d68c549971f4483a75d4799abd2002e
at java.base/jdk.internal.reflect.NativeConstructorAccessorImpl.newInstance0(Native Method)
at java.base/jdk.internal.reflect.NativeConstructorAccessorImpl.newInstance(NativeConstructorAccessorImpl.java:62)
at java.base/jdk.internal.reflect.DelegatingConstructorAccessorImpl.newInstance(DelegatingConstructorAccessorImpl.java:45)
at java.base/java.lang.reflect.Constructor.newInstance(Constructor.java:490)
at org.openqa.selenium.remote.codec.w3c.W3CHttpResponseCodec.createException(W3CHttpResponseCodec.java:200)
at org.openqa.selenium.remote.codec.w3c.W3CHttpResponseCodec.decode(W3CHttpResponseCodec.java:133)
at org.openqa.selenium.remote.codec.w3c.W3CHttpResponseCodec.decode(W3CHttpResponseCodec.java:53)
at org.openqa.selenium.remote.HttpCommandExecutor.execute(HttpCommandExecutor.java:184)
at org.openqa.selenium.remote.service.DriverCommandExecutor.invokeExecute(DriverCommandExecutor.java:167)
at org.openqa.selenium.remote.service.DriverCommandExecutor.execute(DriverCommandExecutor.java:142)
at org.openqa.selenium.remote.RemoteWebDriver.execute(RemoteWebDriver.java:547)
at org.openqa.selenium.remote.ElementLocation$ElementFinder$2.findElement(ElementLocation.java:162)
at org.openqa.selenium.remote.ElementLocation.findElement(ElementLocation.java:60)
at org.openqa.selenium.remote.RemoteWebDriver.findElement(RemoteWebDriver.java:365)
at org.openqa.selenium.remote.RemoteWebDriver.findElement(RemoteWebDriver.java:357)
at org.openqa.selenium.support.pagefactory.DefaultElementLocator.findElement(DefaultElementLocator.java:70)
at org.openqa.selenium.support.pagefactory.internal.LocatingElementHandler.invoke(LocatingElementHandler.java:39)
at com.sun.proxy.$Proxy16.click(Unknown Source)
at com.flipkart.pageObjects.OpenFlipkart.clickredminote10btn(OpenFlipkart.java:52)
at com.flipkart.testCases.TC_OpenFlipkart_001.Open(TC_OpenFlipkart_001.java:18)
at java.base/jdk.internal.reflect.NativeMethodAccessorImpl.invoke0(Native Method)
at java.base/jdk.internal.reflect.NativeMethodAccessorImpl.invoke(NativeMethodAccessorImpl.java:62)
at java.base/jdk.internal.reflect.DelegatingMethodAccessorImpl.invoke(DelegatingMethodAccessorImpl.java:43)
at java.base/java.lang.reflect.Method.invoke(Method.java:566)
at org.testng.internal.invokers.MethodInvocationHelper.invokeMethod(MethodInvocationHelper.java:135)
at org.testng.internal.invokers.TestInvoker.invokeMethod(TestInvoker.java:673)
at org.testng.internal.invokers.TestInvoker.invokeTestMethod(TestInvoker.java:220)
at org.testng.internal.invokers.MethodRunner.runInSequence(MethodRunner.java:50)
at org.testng.internal.invokers.TestInvoker$MethodInvocationAgent.invoke(TestInvoker.java:945)
at org.testng.internal.invokers.TestInvoker.invokeTestMethods(TestInvoker.java:193)
at org.testng.internal.invokers.TestMethodWorker.invokeTestMethods(TestMethodWorker.java:146)
at org.testng.internal.invokers.TestMethodWorker.run(TestMethodWorker.java:128)
at java.base/java.util.ArrayList.forEach(ArrayList.java:1541)
at org.testng.TestRunner.privateRun(TestRunner.java:808)
at org.testng.TestRunner.run(TestRunner.java:603)
at org.testng.SuiteRunner.runTest(SuiteRunner.java:429)
at org.testng.SuiteRunner.runSequentially(SuiteRunner.java:423)
at org.testng.SuiteRunner.privateRun(SuiteRunner.java:383)
at org.testng.SuiteRunner.run(SuiteRunner.java:326)
at org.testng.SuiteRunnerWorker.runSuite(SuiteRunnerWorker.java:52)
at org.testng.SuiteRunnerWorker.run(SuiteRunnerWorker.java:95)
at org.testng.TestNG.runSuitesSequentially(TestNG.java:1249)
at org.testng.TestNG.runSuitesLocally(TestNG.java:1169)
at org.testng.TestNG.runSuites(TestNG.java:1092)
at org.testng.TestNG.run(TestNG.java:1060)
at org.testng.remote.AbstractRemoteTestNG.run(AbstractRemoteTestNG.java:115)
at org.testng.remote.RemoteTestNG.initAndRun(RemoteTestNG.java:251)
at org.testng.remote.RemoteTestNG.main(RemoteTestNG.java:77)
]]>
            </full-stacktrace>
          </exception> <!-- org.openqa.selenium.InvalidSelectorException -->
          <reporter-output>
          </reporter-output>
        </test-method> <!-- Open -->
      </class> <!-- com.flipkart.testCases.TC_OpenFlipkart_001 -->
    </test> <!-- Default test -->
  </suite> <!-- Default suite -->
</testng-results>
